# JRE version: Java(TM) SE Runtime Environment (7.0_79-b15) (build 1.7.0_79-b15)
# Java VM: Java HotSpot(TM) 64-Bit Server VM (24.79-b02 mixed mode windows-amd64 compressed oops)
Heap
 PSYoungGen      total 34816K, used 19922K [0x00000007d5900000, 0x00000007d9300000, 0x0000000800000000)
  eden space 28160K, 48% used [0x00000007d5900000,0x00000007d6661d98,0x00000007d7480000)
  from space 6656K, 93% used [0x00000007d7480000,0x00000007d7a92b50,0x00000007d7b00000)
  to   space 10240K, 0% used [0x00000007d8900000,0x00000007d8900000,0x00000007d9300000)
 ParOldGen       total 86528K, used 43791K [0x0000000780c00000, 0x0000000786080000, 0x00000007d5900000)
  object space 86528K, 50% used [0x0000000780c00000,0x00000007836c3e38,0x0000000786080000)
 PSPermGen       total 22528K, used 22139K [0x000000077ba00000, 0x000000077d000000, 0x0000000780c00000)
  object space 22528K, 98% used [0x000000077ba00000,0x000000077cf9ecc0,0x000000077d000000)
GC Heap History (10 events):
Event: 8.761 GC heap before
{Heap before GC invocations=13 (full 0):
 PSYoungGen      total 37376K, used 32889K [0x00000007d5900000, 0x00000007d8700000, 0x0000000800000000)
  eden space 27648K, 100% used [0x00000007d5900000,0x00000007d7400000,0x00000007d7400000)
  from space 9728K, 53% used [0x00000007d7d80000,0x00000007d829e7c0,0x00000007d8700000)
  to   space 6656K, 0% used [0x00000007d7480000,0x00000007d7480000,0x00000007d7b00000)
 ParOldGen       total 86528K, used 31660K [0x0000000780c00000, 0x0000000786080000, 0x00000007d5900000)
  object space 86528K, 36% used [0x0000000780c00000,0x0000000782aeb160,0x0000000786080000)
 PSPermGen       total 22528K, used 22100K [0x000000077ba00000, 0x000000077d000000, 0x0000000780c00000)
  object space 22528K, 98% used [0x000000077ba00000,0x000000077cf95250,0x000000077d000000)
Event: 8.767 GC heap after
Heap after GC invocations=13 (full 0):
 PSYoungGen      total 34304K, used 6419K [0x00000007d5900000, 0x00000007d8700000, 0x0000000800000000)
  eden space 27648K, 0% used [0x00000007d5900000,0x00000007d5900000,0x00000007d7400000)
  from space 6656K, 96% used [0x00000007d7480000,0x00000007d7ac4e58,0x00000007d7b00000)
  to   space 9728K, 0% used [0x00000007d7d80000,0x00000007d7d80000,0x00000007d8700000)
 ParOldGen       total 86528K, used 34060K [0x0000000780c00000, 0x0000000786080000, 0x00000007d5900000)
  object space 86528K, 39% used [0x0000000780c00000,0x0000000782d43250,0x0000000786080000)
 PSPermGen       total 22528K, used 22100K [0x000000077ba00000, 0x000000077d000000, 0x0000000780c00000)
  object space 22528K, 98% used [0x000000077ba00000,0x000000077cf95250,0x000000077d000000)
}
Event: 8.889 GC heap before
{Heap before GC invocations=14 (full 0):
 PSYoungGen      total 34304K, used 34067K [0x00000007d5900000, 0x00000007d8700000, 0x0000000800000000)
  eden space 27648K, 100% used [0x00000007d5900000,0x00000007d7400000,0x00000007d7400000)
  from space 6656K, 96% used [0x00000007d7480000,0x00000007d7ac4e58,0x00000007d7b00000)
  to   space 9728K, 0% used [0x00000007d7d80000,0x00000007d7d80000,0x00000007d8700000)
 ParOldGen       total 86528K, used 34060K [0x0000000780c00000, 0x0000000786080000, 0x00000007d5900000)
  object space 86528K, 39% used [0x0000000780c00000,0x0000000782d43250,0x0000000786080000)
 PSPermGen       total 22528K, used 22120K [0x000000077ba00000, 0x000000077d000000, 0x0000000780c00000)
  object space 22528K, 98% used [0x000000077ba00000,0x000000077cf9a3f8,0x000000077d000000)
Event: 8.896 GC heap after
Heap after GC invocations=14 (full 0):
 PSYoungGen      total 37376K, used 5514K [0x00000007d5900000, 0x00000007d8700000, 0x0000000800000000)
  eden space 27648K, 0% used [0x00000007d5900000,0x00000007d5900000,0x00000007d7400000)
  from space 9728K, 56% used [0x00000007d7d80000,0x00000007d82e2950,0x00000007d8700000)
  to   space 6656K, 0% used [0x00000007d7480000,0x00000007d7480000,0x00000007d7b00000)
 ParOldGen       total 86528K, used 36808K [0x0000000780c00000, 0x0000000786080000, 0x00000007d5900000)
  object space 86528K, 42% used [0x0000000780c00000,0x0000000782ff2040,0x0000000786080000)
 PSPermGen       total 22528K, used 22120K [0x000000077ba00000, 0x000000077d000000, 0x0000000780c00000)
  object space 22528K, 98% used [0x000000077ba00000,0x000000077cf9a3f8,0x000000077d000000)
}
Event: 9.027 GC heap before
{Heap before GC invocations=15 (full 0):
 PSYoungGen      total 37376K, used 33162K [0x00000007d5900000, 0x00000007d8700000, 0x0000000800000000)
  eden space 27648K, 100% used [0x00000007d5900000,0x00000007d7400000,0x00000007d7400000)
  from space 9728K, 56% used [0x00000007d7d80000,0x00000007d82e2950,0x00000007d8700000)
  to   space 6656K, 0% used [0x00000007d7480000,0x00000007d7480000,0x00000007d7b00000)
 ParOldGen       total 86528K, used 36808K [0x0000000780c00000, 0x0000000786080000, 0x00000007d5900000)
  object space 86528K, 42% used [0x0000000780c00000,0x0000000782ff2040,0x0000000786080000)
 PSPermGen       total 22528K, used 22124K [0x000000077ba00000, 0x000000077d000000, 0x0000000780c00000)
  object space 22528K, 98% used [0x000000077ba00000,0x000000077cf9b200,0x000000077d000000)
Event: 9.033 GC heap after
Heap after GC invocations=15 (full 0):
 PSYoungGen      total 34304K, used 5388K [0x00000007d5900000, 0x00000007d8700000, 0x0000000800000000)
  eden space 27648K, 0% used [0x00000007d5900000,0x00000007d5900000,0x00000007d7400000)
  from space 6656K, 80% used [0x00000007d7480000,0x00000007d79c3038,0x00000007d7b00000)
  to   space 9728K, 0% used [0x00000007d7d80000,0x00000007d7d80000,0x00000007d8700000)
 ParOldGen       total 86528K, used 39219K [0x0000000780c00000, 0x0000000786080000, 0x00000007d5900000)
  object space 86528K, 45% used [0x0000000780c00000,0x000000078324ce28,0x0000000786080000)
 PSPermGen       total 22528K, used 22124K [0x000000077ba00000, 0x000000077d000000, 0x0000000780c00000)
  object space 22528K, 98% used [0x000000077ba00000,0x000000077cf9b200,0x000000077d000000)
}
Event: 9.161 GC heap before
{Heap before GC invocations=16 (full 0):
 PSYoungGen      total 34304K, used 33036K [0x00000007d5900000, 0x00000007d8700000, 0x0000000800000000)
  eden space 27648K, 100% used [0x00000007d5900000,0x00000007d7400000,0x00000007d7400000)
  from space 6656K, 80% used [0x00000007d7480000,0x00000007d79c3038,0x00000007d7b00000)
  to   space 9728K, 0% used [0x00000007d7d80000,0x00000007d7d80000,0x00000007d8700000)
 ParOldGen       total 86528K, used 39219K [0x0000000780c00000, 0x0000000786080000, 0x00000007d5900000)
  object space 86528K, 45% used [0x0000000780c00000,0x000000078324ce28,0x0000000786080000)
 PSPermGen       total 22528K, used 22125K [0x000000077ba00000, 0x000000077d000000, 0x0000000780c00000)
  object space 22528K, 98% used [0x000000077ba00000,0x000000077cf9b490,0x000000077d000000)
Event: 9.166 GC heap after
Heap after GC invocations=16 (full 0):
 PSYoungGen      total 37376K, used 5405K [0x00000007d5900000, 0x00000007d8700000, 0x0000000800000000)
  eden space 27648K, 0% used [0x00000007d5900000,0x00000007d5900000,0x00000007d7400000)
  from space 9728K, 55% used [0x00000007d7d80000,0x00000007d82c7620,0x00000007d8700000)
  to   space 6656K, 0% used [0x00000007d7480000,0x00000007d7480000,0x00000007d7b00000)
 ParOldGen       total 86528K, used 41500K [0x0000000780c00000, 0x0000000786080000, 0x00000007d5900000)
  object space 86528K, 47% used [0x0000000780c00000,0x0000000783487000,0x0000000786080000)
 PSPermGen       total 22528K, used 22125K [0x000000077ba00000, 0x000000077d000000, 0x0000000780c00000)
  object space 22528K, 98% used [0x000000077ba00000,0x000000077cf9b490,0x000000077d000000)
}
Event: 9.288 GC heap before
{Heap before GC invocations=17 (full 0):
 PSYoungGen      total 37376K, used 33053K [0x00000007d5900000, 0x00000007d8700000, 0x0000000800000000)
  eden space 27648K, 100% used [0x00000007d5900000,0x00000007d7400000,0x00000007d7400000)
  from space 9728K, 55% used [0x00000007d7d80000,0x00000007d82c7620,0x00000007d8700000)
  to   space 6656K, 0% used [0x00000007d7480000,0x00000007d7480000,0x00000007d7b00000)
 ParOldGen       total 86528K, used 41500K [0x0000000780c00000, 0x0000000786080000, 0x00000007d5900000)
  object space 86528K, 47% used [0x0000000780c00000,0x0000000783487000,0x0000000786080000)
 PSPermGen       total 22528K, used 22125K [0x000000077ba00000, 0x000000077d000000, 0x0000000780c00000)
  object space 22528K, 98% used [0x000000077ba00000,0x000000077cf9b6d8,0x000000077d000000)
Event: 9.293 GC heap after
Heap after GC invocations=17 (full 0):
 PSYoungGen      total 34816K, used 6218K [0x00000007d5900000, 0x00000007d9300000, 0x0000000800000000)
  eden space 28160K, 0% used [0x00000007d5900000,0x00000007d5900000,0x00000007d7480000)
  from space 6656K, 93% used [0x00000007d7480000,0x00000007d7a92b50,0x00000007d7b00000)
  to   space 10240K, 0% used [0x00000007d8900000,0x00000007d8900000,0x00000007d9300000)
 ParOldGen       total 86528K, used 43791K [0x0000000780c00000, 0x0000000786080000, 0x00000007d5900000)
  object space 86528K, 50% used [0x0000000780c00000,0x00000007836c3e38,0x0000000786080000)
 PSPermGen       total 22528K, used 22125K [0x000000077ba00000, 0x000000077d000000, 0x0000000780c00000)
  object space 22528K, 98% used [0x000000077ba00000,0x000000077cf9b6d8,0x000000077d000000)
}

